#
# There is insufficient memory for the Java Runtime Environment to continue.
# Native memory allocation (mmap) failed to map 264241152 bytes for G1 virtual space
# Possible reasons:
#   The system is out of physical RAM or swap space
#   The process is running with CompressedOops enabled, and the Java Heap may be blocking the growth of the native heap
# Possible solutions:
#   Reduce memory load on the system
#   Increase physical memory or swap space
#   Check if swap backing store is full
#   Decrease Java heap size (-Xmx/-Xms)
#   Decrease number of Java threads
#   Decrease Java thread stack sizes (-Xss)
#   Set larger code cache with -XX:ReservedCodeCacheSize=
#   JVM is running with Zero Based Compressed Oops mode in which the Java heap is
#     placed in the first 32GB address space. The Java Heap base address is the
#     maximum limit for the native heap growth. Please use -XX:HeapBaseMinAddress
#     to set the Java Heap base and to place the Java Heap above 32GB virtual address.
# This output file may be truncated or incomplete.
#
#  Out of Memory Error (os_windows.cpp:3550), pid=8892, tid=9692
#
# JRE version:  (17.0.6+9) (build )
# Java VM: Java HotSpot(TM) 64-Bit Server VM (17.0.6+9-LTS-190, mixed mode, sharing, tiered, compressed oops, compressed class ptrs, g1 gc, windows-amd64)
# No core dump will be written. Minidumps are not enabled by default on client versions of Windows
#

---------------  S U M M A R Y ------------

Command Line: C:\Users\Akash Shelke\AppData\Local\Temp\surefire4486414893501914534\surefirebooter-20230404123106281_3.jar C:\Users\Akash Shelke\AppData\Local\Temp\surefire4486414893501914534 2023-04-04T12-31-05_922-jvmRun1 surefire-20230404123106281_1tmp surefire_0-20230404123106281_2tmp

Host: 11th Gen Intel(R) Core(TM) i7-1165G7 @ 2.80GHz, 8 cores, 15G,  Windows 11 , 64 bit Build 22621 (10.0.22621.1344)
Time: Tue Apr  4 12:31:06 2023 India Standard Time elapsed time: 0.009281 seconds (0d 0h 0m 0s)

---------------  T H R E A D  ---------------

Current thread (0x0000011c303b3820):  JavaThread "Unknown thread" [_thread_in_vm, id=9692, stack(0x000000130d200000,0x000000130d300000)]

Stack: [0x000000130d200000,0x000000130d300000]
Native frames: (J=compiled Java code, j=interpreted, Vv=VM code, C=native code)
V  [jvm.dll+0x6734ea]
V  [jvm.dll+0x7d18f4]
V  [jvm.dll+0x7d309e]
V  [jvm.dll+0x7d3703]
V  [jvm.dll+0x2433c5]
V  [jvm.dll+0x6703f9]
V  [jvm.dll+0x664d32]
V  [jvm.dll+0x300086]
V  [jvm.dll+0x307606]
V  [jvm.dll+0x356c1e]
V  [jvm.dll+0x356e4f]
V  [jvm.dll+0x2d72e8]
V  [jvm.dll+0x2d8254]
V  [jvm.dll+0x7a33b1]
V  [jvm.dll+0x3647f1]
V  [jvm.dll+0x782839]
V  [jvm.dll+0x3e757f]
V  [jvm.dll+0x3e9001]
C  [jli.dll+0x5297]
C  [ucrtbase.dll+0x29363]
C  [KERNEL32.DLL+0x126bd]
C  [ntdll.dll+0x5a9f8]


---------------  P R O C E S S  ---------------

Threads class SMR info:
_java_thread_list=0x00007ff99dd2e958, length=0, elements={
}

Java Threads: ( => current thread )

Other Threads:
  0x0000011c3041d380 GCTaskThread "GC Thread#0" [stack: 0x000000130d300000,0x000000130d400000] [id=17768]
  0x0000011c3042dcd0 ConcurrentGCThread "G1 Main Marker" [stack: 0x000000130d400000,0x000000130d500000] [id=3732]
  0x0000011c3042f660 ConcurrentGCThread "G1 Conc#0" [stack: 0x000000130d500000,0x000000130d600000] [id=11840]

[error occurred during error reporting (printing all threads), id 0xc0000005, EXCEPTION_ACCESS_VIOLATION (0xc0000005) at pc=0x00007ff99d567f07]

VM state: not at safepoint (not fully initialized)

VM Mutex/Monitor currently owned by a thread:  ([mutex/lock_event])
[0x0000011c303aeee0] Heap_lock - owner thread: 0x0000011c303b3820

Heap address: 0x0000000704000000, size: 4032 MB, Compressed Oops mode: Zero based, Oop shift amount: 3

CDS archive(s) mapped at: [0x0000000000000000-0x0000000000000000-0x0000000000000000), size 0, SharedBaseAddress: 0x0000000800000000, ArchiveRelocationMode: 0.
Narrow klass base: 0x0000000000000000, Narrow klass shift: 0, Narrow klass range: 0x0

GC Precious Log:
<Empty>

Heap:
 garbage-first heap   total 0K, used 0K [0x0000000704000000, 0x0000000800000000)
  region size 2048K, 0 young (0K), 0 survivors (0K)

[error occurred during error reporting (printing heap information), id 0xc0000005, EXCEPTION_ACCESS_VIOLATION (0xc0000005) at pc=0x00007ff99d94c759]

GC Heap History (0 events):
No events

Deoptimization events (0 events):
No events

Classes unloaded (0 events):
No events

Classes redefined (0 events):
No events

Internal exceptions (0 events):
No events

VM Operations (0 events):
No events

Events (1 events):
Event: 0.006 Loaded shared library C:\Program Files\Java\jdk-17\bin\java.dll


Dynamic libraries:
0x00007ff753e30000 - 0x00007ff753e40000 	C:\Program Files\Java\jdk-17\bin\java.exe
0x00007ffa37150000 - 0x00007ffa37364000 	C:\WINDOWS\SYSTEM32\ntdll.dll
0x00007ffa35cb0000 - 0x00007ffa35d73000 	C:\WINDOWS\System32\KERNEL32.DLL
0x00007ffa34b90000 - 0x00007ffa34f2c000 	C:\WINDOWS\System32\KERNELBASE.dll
0x00007ffa34590000 - 0x00007ffa346a1000 	C:\WINDOWS\System32\ucrtbase.dll
0x00007ffa16ce0000 - 0x00007ffa16cfb000 	C:\Program Files\Java\jdk-17\bin\VCRUNTIME140.dll
0x00007ffa16d00000 - 0x00007ffa16d18000 	C:\Program Files\Java\jdk-17\bin\jli.dll
0x00007ffa35d80000 - 0x00007ffa35e2e000 	C:\WINDOWS\System32\ADVAPI32.dll
0x00007ffa36900000 - 0x00007ffa369a7000 	C:\WINDOWS\System32\msvcrt.dll
0x00007ffa36bc0000 - 0x00007ffa36c64000 	C:\WINDOWS\System32\sechost.dll
0x00007ffa35980000 - 0x00007ffa35a95000 	C:\WINDOWS\System32\RPCRT4.dll
0x00007ffa34f60000 - 0x00007ffa3510d000 	C:\WINDOWS\System32\USER32.dll
0x00007ffa34f30000 - 0x00007ffa34f56000 	C:\WINDOWS\System32\win32u.dll
0x00007ffa19120000 - 0x00007ffa193ae000 	C:\WINDOWS\WinSxS\amd64_microsoft.windows.common-controls_6595b64144ccf1df_6.0.22621.608_none_a9444ca7c10bb01d\COMCTL32.dll
0x00007ffa357b0000 - 0x00007ffa357d9000 	C:\WINDOWS\System32\GDI32.dll
0x00007ffa34a00000 - 0x00007ffa34b13000 	C:\WINDOWS\System32\gdi32full.dll
0x00007ffa348a0000 - 0x00007ffa3493a000 	C:\WINDOWS\System32\msvcp_win.dll
0x00007ffa26ee0000 - 0x00007ffa26eea000 	C:\WINDOWS\SYSTEM32\VERSION.dll
0x00007ffa358f0000 - 0x00007ffa35921000 	C:\WINDOWS\System32\IMM32.DLL
0x00007ffa290f0000 - 0x00007ffa290fc000 	C:\Program Files\Java\jdk-17\bin\vcruntime140_1.dll
0x00007ffa13490000 - 0x00007ffa1351e000 	C:\Program Files\Java\jdk-17\bin\msvcp140.dll
0x00007ff99d280000 - 0x00007ff99de57000 	C:\Program Files\Java\jdk-17\bin\server\jvm.dll
0x00007ffa35aa0000 - 0x00007ffa35aa8000 	C:\WINDOWS\System32\PSAPI.DLL
0x00007ffa2cb40000 - 0x00007ffa2cb74000 	C:\WINDOWS\SYSTEM32\WINMM.dll
0x00007ff9f4c40000 - 0x00007ff9f4c49000 	C:\WINDOWS\SYSTEM32\WSOCK32.dll
0x00007ffa36a40000 - 0x00007ffa36ab1000 	C:\WINDOWS\System32\WS2_32.dll
0x00007ffa335a0000 - 0x00007ffa335b8000 	C:\WINDOWS\SYSTEM32\kernel.appcore.dll
0x00007ffa16cd0000 - 0x00007ffa16cda000 	C:\Program Files\Java\jdk-17\bin\jimage.dll
0x00007ffa31e60000 - 0x00007ffa3208e000 	C:\WINDOWS\SYSTEM32\DBGHELP.DLL
0x00007ffa36c70000 - 0x00007ffa36ff9000 	C:\WINDOWS\System32\combase.dll
0x00007ffa35ab0000 - 0x00007ffa35b87000 	C:\WINDOWS\System32\OLEAUT32.dll
0x00007ffa2cad0000 - 0x00007ffa2cb02000 	C:\WINDOWS\SYSTEM32\dbgcore.DLL
0x00007ffa346b0000 - 0x00007ffa3472b000 	C:\WINDOWS\System32\bcryptPrimitives.dll
0x00007ffa16ca0000 - 0x00007ffa16cc5000 	C:\Program Files\Java\jdk-17\bin\java.dll

dbghelp: loaded successfully - version: 4.0.5 - missing functions: none
symbol engine: initialized successfully - sym options: 0x614 - pdb path: .;C:\Program Files\Java\jdk-17\bin;C:\WINDOWS\SYSTEM32;C:\WINDOWS\WinSxS\amd64_microsoft.windows.common-controls_6595b64144ccf1df_6.0.22621.608_none_a9444ca7c10bb01d;C:\Program Files\Java\jdk-17\bin\server

VM Arguments:
java_command: C:\Users\Akash Shelke\AppData\Local\Temp\surefire4486414893501914534\surefirebooter-20230404123106281_3.jar C:\Users\Akash Shelke\AppData\Local\Temp\surefire4486414893501914534 2023-04-04T12-31-05_922-jvmRun1 surefire-20230404123106281_1tmp surefire_0-20230404123106281_2tmp
java_class_path (initial): C:\Users\Akash Shelke\AppData\Local\Temp\surefire4486414893501914534\surefirebooter-20230404123106281_3.jar
Launcher Type: SUN_STANDARD

[Global flags]
     intx CICompilerCount                          = 4                                         {product} {ergonomic}
     uint ConcGCThreads                            = 2                                         {product} {ergonomic}
     uint G1ConcRefinementThreads                  = 8                                         {product} {ergonomic}
   size_t G1HeapRegionSize                         = 2097152                                   {product} {ergonomic}
    uintx GCDrainStackTargetSize                   = 64                                        {product} {ergonomic}
   size_t InitialHeapSize                          = 264241152                                 {product} {ergonomic}
   size_t MarkStackSize                            = 4194304                                   {product} {ergonomic}
   size_t MaxHeapSize                              = 4227858432                                {product} {ergonomic}
   size_t MinHeapDeltaBytes                        = 2097152                                   {product} {ergonomic}
   size_t MinHeapSize                              = 8388608                                   {product} {ergonomic}
    uintx NonNMethodCodeHeapSize                   = 5839372                                {pd product} {ergonomic}
    uintx NonProfiledCodeHeapSize                  = 122909434                              {pd product} {ergonomic}
    uintx ProfiledCodeHeapSize                     = 122909434                              {pd product} {ergonomic}
    uintx ReservedCodeCacheSize                    = 251658240                              {pd product} {ergonomic}
     bool SegmentedCodeCache                       = true                                      {product} {ergonomic}
   size_t SoftMaxHeapSize                          = 4227858432                             {manageable} {ergonomic}
     bool UseCompressedClassPointers               = true                           {product lp64_product} {ergonomic}
     bool UseCompressedOops                        = true                           {product lp64_product} {ergonomic}
     bool UseG1GC                                  = true                                      {product} {ergonomic}
     bool UseLargePagesIndividualAllocation        = false                                  {pd product} {ergonomic}

Logging:
Log output configuration:
 #0: stdout all=warning uptime,level,tags
 #1: stderr all=off uptime,level,tags

Environment Variables:
JAVA_HOME=C:\Program Files\Java\jdk-17
PATH=C:\Program Files\Common Files\Oracle\Java\javapath;C:\WINDOWS\system32;C:\WINDOWS;C:\WINDOWS\System32\Wbem;C:\WINDOWS\System32\WindowsPowerShell\v1.0\;C:\WINDOWS\System32\OpenSSH\;C:\Program Files\dotnet\;C:\Program Files (x86)\apache-maven-3.8.7\bin;C:\apache-maven-3.9.0\bin;C:\Program Files\Java\jdk-17\bin;C:\Program Files (x86)\nodejs\;C:\Users\Akash Shelke\AppData\Local\Android\Sdk\tools\bin;C:\Users\Akash Shelke\AppData\Local\Android\Sdk\tools;C:\Users\Akash Shelke\AppData\Local\Android\Sdk\platform-tools;C:\Program Files (x86)\nodejs\node_modules\npm\bin;C:\Program Files\Docker\Docker\resources\bin;C:\Program Files\Git\cmd;C:\Users\Akash Shelke\AppData\Local\Microsoft\WindowsApps;C:\Users\Akash Shelke\AppData\Local\GitHubDesktop\bin;C:\Program Files\JetBrains\IntelliJ IDEA Community Edition 2022.2.1\bin;C:\Program Files\Common Files\Oracle\Java;C:\Users\Akash Shelke\AppData\Roaming\npm;C:\Users\Akash Shelke\AppData\Local\atom\bin;C:\Program Files\Git\bin
USERNAME=Akash Shelke
OS=Windows_NT
PROCESSOR_IDENTIFIER=Intel64 Family 6 Model 140 Stepping 1, GenuineIntel



---------------  S Y S T E M  ---------------

OS:
 Windows 11 , 64 bit Build 22621 (10.0.22621.1344)
OS uptime: 0 days 0:38 hours
Hyper-V role detected

CPU: total 8 (initial active 8) (4 cores per cpu, 2 threads per core) family 6 model 140 stepping 1 microcode 0xa4, cx8, cmov, fxsr, ht, mmx, 3dnowpref, sse, sse2, sse3, ssse3, sse4.1, sse4.2, popcnt, lzcnt, tsc, tscinvbit, avx, avx2, aes, erms, clmul, bmi1, bmi2, adx, avx512f, avx512dq, avx512cd, avx512bw, avx512vl, sha, fma, vzeroupper, avx512_vpopcntdq, avx512_vpclmulqdq, avx512_vaes, avx512_vnni, clflush, clflushopt, clwb, avx512_vbmi2, avx512_vbmi, hv

Memory: 4k page, system-wide physical 16126M (2874M free)
TotalPageFile size 19126M (AvailPageFile size 112M)
current process WorkingSet (physical memory assigned to process): 11M, peak: 11M
current process commit charge ("private bytes"): 60M, peak: 312M

vm_info: Java HotSpot(TM) 64-Bit Server VM (17.0.6+9-LTS-190) for windows-amd64 JRE (17.0.6+9-LTS-190), built on Dec  6 2022 15:53:54 by "mach5one" with MS VC++ 17.1 (VS2022)

END.
